0 info it worked if it ends with ok
1 verbose cli [ '/Users/christianmarienfeld/.nvm/versions/node/v6.11.0/bin/node',
1 verbose cli   '/Users/christianmarienfeld/.nvm/versions/node/v6.11.0/bin/npm',
1 verbose cli   'run',
1 verbose cli   'dev' ]
2 info using npm@3.10.10
3 info using node@v6.11.0
4 verbose run-script [ 'predev', 'dev', 'postdev' ]
5 info lifecycle com.phonegap.helloworld@1.0.0~predev: com.phonegap.helloworld@1.0.0
6 silly lifecycle com.phonegap.helloworld@1.0.0~predev: no script for predev, continuing
7 info lifecycle com.phonegap.helloworld@1.0.0~dev: com.phonegap.helloworld@1.0.0
8 verbose lifecycle com.phonegap.helloworld@1.0.0~dev: unsafe-perm in lifecycle true
9 verbose lifecycle com.phonegap.helloworld@1.0.0~dev: PATH: /Users/christianmarienfeld/.nvm/versions/node/v6.11.0/lib/node_modules/npm/bin/node-gyp-bin:/Users/christianmarienfeld/git/phonegap-vue/vue/myapp/node_modules/.bin:/Users/christianmarienfeld/.nvm/versions/node/v6.11.0/bin:/usr/local/bin:/usr/bin:/bin:/usr/sbin:/sbin:/opt/X11/bin:/usr/local/share/dotnet:/usr/local/git/bin:/Library/Frameworks/Mono.framework/Versions/Current/Commands:/Develop/sdk/platform-tools:/Develop/sdk/tools:/Users/christianmarienfeld/Users/christianmarienfeld/Library/Android/sdk/tools:/Users/christianmarienfeld/Users/christianmarienfeld/Library/Android/sdk/platform-tools
10 verbose lifecycle com.phonegap.helloworld@1.0.0~dev: CWD: /Users/christianmarienfeld/git/phonegap-vue/vue/myapp
11 silly lifecycle com.phonegap.helloworld@1.0.0~dev: Args: [ '-c', 'npm-run-all --parallel watchify serve' ]
12 silly lifecycle com.phonegap.helloworld@1.0.0~dev: Returned: code: 1  signal: null
13 info lifecycle com.phonegap.helloworld@1.0.0~dev: Failed to exec dev script
14 verbose stack Error: com.phonegap.helloworld@1.0.0 dev: `npm-run-all --parallel watchify serve`
14 verbose stack Exit status 1
14 verbose stack     at EventEmitter.<anonymous> (/Users/christianmarienfeld/.nvm/versions/node/v6.11.0/lib/node_modules/npm/lib/utils/lifecycle.js:255:16)
14 verbose stack     at emitTwo (events.js:106:13)
14 verbose stack     at EventEmitter.emit (events.js:191:7)
14 verbose stack     at ChildProcess.<anonymous> (/Users/christianmarienfeld/.nvm/versions/node/v6.11.0/lib/node_modules/npm/lib/utils/spawn.js:40:14)
14 verbose stack     at emitTwo (events.js:106:13)
14 verbose stack     at ChildProcess.emit (events.js:191:7)
14 verbose stack     at maybeClose (internal/child_process.js:891:16)
14 verbose stack     at Process.ChildProcess._handle.onexit (internal/child_process.js:226:5)
15 verbose pkgid com.phonegap.helloworld@1.0.0
16 verbose cwd /Users/christianmarienfeld/git/phonegap-vue/vue/myapp
17 error Darwin 17.3.0
18 error argv "/Users/christianmarienfeld/.nvm/versions/node/v6.11.0/bin/node" "/Users/christianmarienfeld/.nvm/versions/node/v6.11.0/bin/npm" "run" "dev"
19 error node v6.11.0
20 error npm  v3.10.10
21 error code ELIFECYCLE
22 error com.phonegap.helloworld@1.0.0 dev: `npm-run-all --parallel watchify serve`
22 error Exit status 1
23 error Failed at the com.phonegap.helloworld@1.0.0 dev script 'npm-run-all --parallel watchify serve'.
23 error Make sure you have the latest version of node.js and npm installed.
23 error If you do, this is most likely a problem with the com.phonegap.helloworld package,
23 error not with npm itself.
23 error Tell the author that this fails on your system:
23 error     npm-run-all --parallel watchify serve
23 error You can get information on how to open an issue for this project with:
23 error     npm bugs com.phonegap.helloworld
23 error Or if that isn't available, you can get their info via:
23 error     npm owner ls com.phonegap.helloworld
23 error There is likely additional logging output above.
24 verbose exit [ 1, true ]
